build/intermediates/manifest_merge_blame_file/debug/manifest-merger-blame-debug-report.txt
1<?xml version="1.0" encoding="utf-8"?>
2<manifest xmlns:android="http://schemas.android.com/apk/res/android"
3    package="com.example.questionario"
4    android:versionCode="1"
5    android:versionName="1.0" >
6
7    <uses-sdk
8        android:minSdkVersion="16"
8-->src\main\AndroidManifest.xml
9        android:targetSdkVersion="30" />
9-->src\main\AndroidManifest.xml
10
11    <uses-permission android:name="android.permission.INTERNET" />
11-->src\main\AndroidManifest.xml:5:5-67
11-->src\main\AndroidManifest.xml:5:22-64
12
13    <application
13-->src\main\AndroidManifest.xml:7:5-35:19
14        android:allowBackup="true"
14-->src\main\AndroidManifest.xml:8:9-35
15        android:appComponentFactory="androidx.core.app.CoreComponentFactory"
15-->[androidx.core:core:1.3.1] AndroidManifest.xml:24:18-86
16        android:debuggable="true"
17        android:icon="@mipmap/ic_launcher"
17-->src\main\AndroidManifest.xml:9:9-43
18        android:label="@string/app_name"
18-->src\main\AndroidManifest.xml:10:9-41
19        android:roundIcon="@mipmap/ic_launcher_round"
19-->src\main\AndroidManifest.xml:11:9-54
20        android:supportsRtl="true"
20-->src\main\AndroidManifest.xml:12:9-35
21        android:testOnly="true"
22        android:theme="@style/NoActionbarTheme" >
22-->src\main\AndroidManifest.xml:13:9-48
23        <activity android:name="com.example.questionario.CRM" />
23-->src\main\AndroidManifest.xml:14:9-50
23-->src\main\AndroidManifest.xml:14:19-38
24        <activity android:name="com.example.questionario.result" />
24-->src\main\AndroidManifest.xml:15:9-44
24-->src\main\AndroidManifest.xml:15:19-41
25        <activity
25-->src\main\AndroidManifest.xml:16:9-18:58
26            android:name="com.example.questionario.azienda"
26-->src\main\AndroidManifest.xml:17:13-36
27            android:windowSoftInputMode="adjustResize" />
27-->src\main\AndroidManifest.xml:18:13-55
28        <activity
28-->src\main\AndroidManifest.xml:19:9-21:58
29            android:name="com.example.questionario.login"
29-->src\main\AndroidManifest.xml:20:13-34
30            android:windowSoftInputMode="adjustResize" />
30-->src\main\AndroidManifest.xml:21:13-55
31        <activity
31-->src\main\AndroidManifest.xml:22:9-24:58
32            android:name="com.example.questionario.Domande"
32-->src\main\AndroidManifest.xml:23:13-36
33            android:windowSoftInputMode="adjustResize" />
33-->src\main\AndroidManifest.xml:24:13-55
34        <activity
34-->src\main\AndroidManifest.xml:25:9-34:20
35            android:name="com.example.questionario.MainActivity"
35-->src\main\AndroidManifest.xml:26:13-41
36            android:theme="@style/NoActionbarTheme"
36-->src\main\AndroidManifest.xml:27:13-52
37            android:windowSoftInputMode="adjustResize" >
37-->src\main\AndroidManifest.xml:28:13-55
38            <intent-filter>
38-->src\main\AndroidManifest.xml:29:13-33:29
39                <action android:name="android.intent.action.MAIN" />
39-->src\main\AndroidManifest.xml:30:17-69
39-->src\main\AndroidManifest.xml:30:25-66
40
41                <category android:name="android.intent.category.LAUNCHER" />
41-->src\main\AndroidManifest.xml:32:17-77
41-->src\main\AndroidManifest.xml:32:27-74
42            </intent-filter>
43        </activity>
44    </application>
45
46</manifest>